        -:    0:Source:grade.c
        -:    0:Programs:0
        -:    1:
        -:    2:#include "head.h"
    #####:    3:char grade(int avg)
        -:    4:{
    #####:    5:    if(avg>=0 && avg<25)
        -:    6:    {
    #####:    7:        return 'C';
        -:    8:    }
    #####:    9:    if(avg>=25 && avg<50)
        -:   10:    {
    #####:   11:        return 'B';
        -:   12:    }
    #####:   13:    if(avg>=50 && avg<75)
        -:   14:    {
    #####:   15:        return 'A';
        -:   16:    }
    #####:   17:    if(avg>=75 && avg<=100)
        -:   18:    {
    #####:   19:        return 'O';
        -:   20:    }
    #####:   21:}
------------------
grade:
------------------
grade:
------------------
